<?xml version="1.0" encoding="UTF-8"?>
<testsuite name="services.ValidatorTest" tests="2" skipped="0" failures="0" errors="0" timestamp="2025-04-17T12:29:18.546Z" hostname="MacBook-Air-Evgeniy.local" time="0.001">
  <properties/>
  <testcase name="testValidationSuccess()" classname="services.ValidatorTest" time="0.001"/>
  <testcase name="testValidationFailure()" classname="services.ValidatorTest" time="0.0"/>
  <system-out><![CDATA[]]></system-out>
  <system-err><![CDATA[]]></system-err>
</testsuite>
