<?xml version="1.0" encoding="UTF-8"?>
<testsuite name="services.AreaCheckerTest" tests="2" skipped="0" failures="0" errors="0" timestamp="2025-04-17T12:29:18.538Z" hostname="MacBook-Air-Evgeniy.local" time="0.006">
  <properties/>
  <testcase name="checkIfNotInTheSpot()" classname="services.AreaCheckerTest" time="0.005"/>
  <testcase name="checkIfInTheSpot()" classname="services.AreaCheckerTest" time="0.001"/>
  <system-out><![CDATA[]]></system-out>
  <system-err><![CDATA[]]></system-err>
</testsuite>
